Arguments: 
  C:\Program Files\nodejs\node.exe C:\Users\borde\AppData\Roaming\npm\node_modules\yarn\bin\yarn.js install

PATH: 
  C:\Users\borde\bin;C:\Program Files\Git\mingw64\bin;C:\Program Files\Git\usr\local\bin;C:\Program Files\Git\usr\bin;C:\Program Files\Git\usr\bin;C:\Program Files\Git\mingw64\bin;C:\Program Files\Git\usr\bin;C:\Users\borde\bin;D:\Java\bin;C:\Windows\system32;C:\Windows;C:\Windows\System32\Wbem;C:\Windows\System32\WindowsPowerShell\v1.0;C:\Windows\System32\OpenSSH;C:\Program Files\Git\cmd;E:\Quick;C:\Program Files\Microsoft SQL Server\150\Tools\Binn;C:\Program Files\Microsoft SQL Server\Client SDK\ODBC\170\Tools\Binn;C:\Program Files\dotnet;D:\微信web开发者工具\dll;D:\tomcat-8.0.35\apache-tomcat-8.0.35\li;D:\tomcat-8.0.35\apache-tomcat-8.0.35\bin";D:\Java\bi;D:\Java\jre\bin;.;D:\apache-maven-3.8.5-bin\apache-maven-3.8.5\bin;C:\Program Files\TortoiseSVN\bin;C:\Program Files\nvm;C:\Program Files\nodejs;C:\Users\borde\AppData\Roaming\npm;C:\Users\borde\AppData\Local\Microsoft\WindowsApps;D:\Microsoft VS Code\bin;C:\Users\borde\.dotnet\tools;D:\Program Files\JetBrains\IntelliJ IDEA 2021.1\bin;C:\Users\borde\AppData\Roaming\npm;C:\Program Files\nvm;C:\Program Files\nodejs;C:\Program Files\Git\usr\bin\vendor_perl;C:\Program Files\Git\usr\bin\core_perl

Yarn version: 
  1.22.18

Node version: 
  14.19.3

Platform: 
  win32 x64

Trace: 
  Error: ENOENT: no such file or directory, copyfile 'C:\Users\borde\AppData\Local\Yarn\Cache\v6\npm-ms-2.1.2-d09d1f357b443f493382a8eb3ccd183872ae6009-integrity\node_modules\ms\readme.md' -> 'D:\Blog\blog\node_modules\@babel\core\node_modules\ms\readme.md'

npm manifest: 
  {
    "name": "blog",
    "version": "1.0.0",
    "author": "reco_luan",
    "scripts": {
      "dev": "vuepress dev . --open --host \"localhost\"",
      "build": "vuepress build .",
      "deploy": "gh-pages -d dist",
      "deploy:build": "npm run build && gh-pages -d dist"
    },
    "devDependencies": {
      "gh-pages": "^3.2.2",
      "vuepress": "1.8.2",
      "vuepress-theme-reco": "1.6.6"
    },
    "description": "",
    "license": "MIT"
  }

yarn manifest: 
  No manifest

Lockfile: 
  No lockfile
